<?xml version="1.0" encoding="UTF-8" ?>
<testsuite tests="5" failures="0" name="com.ifarm.test.UserTest" time="0.103" errors="0" skipped="0">
  <properties>
[...]
</properties>
  <testcase classname="com.ifarm.test.UserTest" name="userResgiterTest" time="0"/>
  <testcase classname="com.ifarm.test.UserTest" name="test" time="0"/>
  <testcase classname="com.ifarm.test.UserTest" name="userLoginTest" time="0"/>
  <testcase classname="com.ifarm.test.UserTest" name="getUsersListAroundTest" time="0.103"/>
  <testcase classname="com.ifarm.test.UserTest" name="updateUserTest" time="0"/>
</testsuite>